<?xml version="1.0" encoding="UTF-8"?>
<testng-results ignored="0" total="2" passed="1" failed="1" skipped="0">
  <reporter-output>
  </reporter-output>
  <suite started-at="2024-10-26T08:14:25 IST" name="Master Suite" finished-at="2024-10-26T08:15:00 IST" duration-ms="34453">
    <groups>
      <group name="Master">
        <method signature="TC001_AccountRegistrationPage.verify_account_registration()[pri:0, instance:testScripts.TC001_AccountRegistrationPage@1f2586d6]" name="verify_account_registration" class="testScripts.TC001_AccountRegistrationPage"/>
        <method signature="TC002_LoginPage.verifyLogin()[pri:0, instance:testScripts.TC002_LoginPage@7dcf94f8]" name="verifyLogin" class="testScripts.TC002_LoginPage"/>
      </group> <!-- Master -->
      <group name="Sanity">
        <method signature="TC001_AccountRegistrationPage.verify_account_registration()[pri:0, instance:testScripts.TC001_AccountRegistrationPage@1f2586d6]" name="verify_account_registration" class="testScripts.TC001_AccountRegistrationPage"/>
        <method signature="TC002_LoginPage.verifyLogin()[pri:0, instance:testScripts.TC002_LoginPage@7dcf94f8]" name="verifyLogin" class="testScripts.TC002_LoginPage"/>
      </group> <!-- Sanity -->
      <group name="Regression">
        <method signature="TC002_LoginPage.verifyLogin()[pri:0, instance:testScripts.TC002_LoginPage@7dcf94f8]" name="verifyLogin" class="testScripts.TC002_LoginPage"/>
      </group> <!-- Regression -->
    </groups>
    <test started-at="2024-10-26T08:14:25 IST" name="Test" finished-at="2024-10-26T08:15:00 IST" duration-ms="34453">
      <class name="testScripts.TC002_LoginPage">
        <test-method is-config="true" signature="setup(java.lang.String,java.lang.String)[pri:0, instance:testScripts.TC002_LoginPage@7dcf94f8]" started-at="2024-10-26T08:14:41 IST" name="setup" finished-at="2024-10-26T08:14:46 IST" duration-ms="5065" status="PASS">
          <params>
            <param index="0">
              <value>
                <![CDATA[Windows]]>
              </value>
            </param>
            <param index="1">
              <value>
                <![CDATA[Chrome]]>
              </value>
            </param>
          </params>
          <reporter-output>
          </reporter-output>
        </test-method> <!-- setup -->
        <test-method signature="verifyLogin()[pri:0, instance:testScripts.TC002_LoginPage@7dcf94f8]" started-at="2024-10-26T08:14:46 IST" name="verifyLogin" finished-at="2024-10-26T08:14:59 IST" duration-ms="12315" status="FAIL">
          <exception class="java.lang.AssertionError">
            <message>
              <![CDATA[Login Passed! expected [false] but found [true]]]>
            </message>
            <full-stacktrace>
              <![CDATA[java.lang.AssertionError: Login Passed! expected [false] but found [true]
at org.testng.Assert.fail(Assert.java:111)
at org.testng.Assert.failNotEquals(Assert.java:1578)
at org.testng.Assert.assertEqualsImpl(Assert.java:150)
at org.testng.Assert.assertEquals(Assert.java:132)
at org.testng.Assert.assertEquals(Assert.java:1067)
at org.testng.Assert.assertEquals(Assert.java:1031)
at testScripts.TC002_LoginPage.verifyLogin(TC002_LoginPage.java:35)
at java.base/jdk.internal.reflect.DirectMethodHandleAccessor.invoke(DirectMethodHandleAccessor.java:103)
at java.base/java.lang.reflect.Method.invoke(Method.java:580)
at org.testng.internal.invokers.MethodInvocationHelper.invokeMethod(MethodInvocationHelper.java:139)
at org.testng.internal.invokers.TestInvoker.invokeMethod(TestInvoker.java:664)
at org.testng.internal.invokers.TestInvoker.invokeTestMethod(TestInvoker.java:228)
at org.testng.internal.invokers.MethodRunner.runInSequence(MethodRunner.java:63)
at org.testng.internal.invokers.TestInvoker$MethodInvocationAgent.invoke(TestInvoker.java:961)
at org.testng.internal.invokers.TestInvoker.invokeTestMethods(TestInvoker.java:201)
at org.testng.internal.invokers.TestMethodWorker.invokeTestMethods(TestMethodWorker.java:148)
at org.testng.internal.invokers.TestMethodWorker.run(TestMethodWorker.java:128)
at java.base/java.util.ArrayList.forEach(ArrayList.java:1596)
at org.testng.TestRunner.privateRun(TestRunner.java:819)
at org.testng.TestRunner.run(TestRunner.java:619)
at org.testng.SuiteRunner.runTest(SuiteRunner.java:443)
at org.testng.SuiteRunner.runSequentially(SuiteRunner.java:437)
at org.testng.SuiteRunner.privateRun(SuiteRunner.java:397)
at org.testng.SuiteRunner.run(SuiteRunner.java:336)
at org.testng.SuiteRunnerWorker.runSuite(SuiteRunnerWorker.java:52)
at org.testng.SuiteRunnerWorker.run(SuiteRunnerWorker.java:95)
at org.testng.TestNG.runSuitesSequentially(TestNG.java:1301)
at org.testng.TestNG.runSuitesLocally(TestNG.java:1228)
at org.testng.TestNG.runSuites(TestNG.java:1134)
at org.testng.TestNG.run(TestNG.java:1101)
at org.testng.remote.AbstractRemoteTestNG.run(AbstractRemoteTestNG.java:115)
at org.testng.remote.RemoteTestNG.initAndRun(RemoteTestNG.java:293)
at org.testng.remote.RemoteTestNG.main(RemoteTestNG.java:91)
]]>
            </full-stacktrace>
          </exception> <!-- java.lang.AssertionError -->
          <reporter-output>
          </reporter-output>
        </test-method> <!-- verifyLogin -->
        <test-method is-config="true" signature="tearDown()[pri:0, instance:testScripts.TC002_LoginPage@7dcf94f8]" started-at="2024-10-26T08:14:59 IST" name="tearDown" finished-at="2024-10-26T08:15:00 IST" duration-ms="891" status="PASS">
          <reporter-output>
          </reporter-output>
        </test-method> <!-- tearDown -->
      </class> <!-- testScripts.TC002_LoginPage -->
      <class name="testScripts.TC001_AccountRegistrationPage">
        <test-method is-config="true" signature="setup(java.lang.String,java.lang.String)[pri:0, instance:testScripts.TC001_AccountRegistrationPage@1f2586d6]" started-at="2024-10-26T08:14:26 IST" name="setup" finished-at="2024-10-26T08:14:37 IST" duration-ms="10482" status="PASS">
          <params>
            <param index="0">
              <value>
                <![CDATA[Windows]]>
              </value>
            </param>
            <param index="1">
              <value>
                <![CDATA[Chrome]]>
              </value>
            </param>
          </params>
          <reporter-output>
          </reporter-output>
        </test-method> <!-- setup -->
        <test-method signature="verify_account_registration()[pri:0, instance:testScripts.TC001_AccountRegistrationPage@1f2586d6]" started-at="2024-10-26T08:14:37 IST" name="verify_account_registration" finished-at="2024-10-26T08:14:41 IST" duration-ms="3895" status="PASS">
          <reporter-output>
          </reporter-output>
        </test-method> <!-- verify_account_registration -->
        <test-method is-config="true" signature="tearDown()[pri:0, instance:testScripts.TC001_AccountRegistrationPage@1f2586d6]" started-at="2024-10-26T08:14:41 IST" name="tearDown" finished-at="2024-10-26T08:14:41 IST" duration-ms="642" status="PASS">
          <reporter-output>
          </reporter-output>
        </test-method> <!-- tearDown -->
      </class> <!-- testScripts.TC001_AccountRegistrationPage -->
    </test> <!-- Test -->
  </suite> <!-- Master Suite -->
</testng-results>
